0 info it worked if it ends with ok
1 verbose cli [ '/Users/mason/.nvm/versions/node/v6.11.0/bin/node',
1 verbose cli   '/Users/mason/.nvm/versions/node/v6.11.0/bin/npm',
1 verbose cli   'run',
1 verbose cli   'deploy' ]
2 info using npm@3.10.10
3 info using node@v6.11.0
4 verbose run-script [ 'predeploy', 'deploy', 'postdeploy' ]
5 info lifecycle codingdesigner-2017@1.0.0~predeploy: codingdesigner-2017@1.0.0
6 silly lifecycle codingdesigner-2017@1.0.0~predeploy: no script for predeploy, continuing
7 info lifecycle codingdesigner-2017@1.0.0~deploy: codingdesigner-2017@1.0.0
8 verbose lifecycle codingdesigner-2017@1.0.0~deploy: unsafe-perm in lifecycle true
9 verbose lifecycle codingdesigner-2017@1.0.0~deploy: PATH: /Users/mason/.nvm/versions/node/v6.11.0/lib/node_modules/npm/bin/node-gyp-bin:/Users/mason/www/codingdesigner/codingdesigner-2017/node_modules/.bin:/Users/mason/.nvm/versions/node/v6.11.0/bin:/usr/local/bin:/usr/bin:/bin:/usr/sbin:/sbin:/Users/mason/bin
10 verbose lifecycle codingdesigner-2017@1.0.0~deploy: CWD: /Users/mason/www/codingdesigner/codingdesigner-2017
11 silly lifecycle codingdesigner-2017@1.0.0~deploy: Args: [ '-c', 'gh-pages' ]
12 silly lifecycle codingdesigner-2017@1.0.0~deploy: Returned: code: 1  signal: null
13 info lifecycle codingdesigner-2017@1.0.0~deploy: Failed to exec deploy script
14 verbose stack Error: codingdesigner-2017@1.0.0 deploy: `gh-pages`
14 verbose stack Exit status 1
14 verbose stack     at EventEmitter.<anonymous> (/Users/mason/.nvm/versions/node/v6.11.0/lib/node_modules/npm/lib/utils/lifecycle.js:255:16)
14 verbose stack     at emitTwo (events.js:106:13)
14 verbose stack     at EventEmitter.emit (events.js:191:7)
14 verbose stack     at ChildProcess.<anonymous> (/Users/mason/.nvm/versions/node/v6.11.0/lib/node_modules/npm/lib/utils/spawn.js:40:14)
14 verbose stack     at emitTwo (events.js:106:13)
14 verbose stack     at ChildProcess.emit (events.js:191:7)
14 verbose stack     at maybeClose (internal/child_process.js:891:16)
14 verbose stack     at Process.ChildProcess._handle.onexit (internal/child_process.js:226:5)
15 verbose pkgid codingdesigner-2017@1.0.0
16 verbose cwd /Users/mason/www/codingdesigner/codingdesigner-2017
17 error Darwin 17.3.0
18 error argv "/Users/mason/.nvm/versions/node/v6.11.0/bin/node" "/Users/mason/.nvm/versions/node/v6.11.0/bin/npm" "run" "deploy"
19 error node v6.11.0
20 error npm  v3.10.10
21 error code ELIFECYCLE
22 error codingdesigner-2017@1.0.0 deploy: `gh-pages`
22 error Exit status 1
23 error Failed at the codingdesigner-2017@1.0.0 deploy script 'gh-pages'.
23 error Make sure you have the latest version of node.js and npm installed.
23 error If you do, this is most likely a problem with the codingdesigner-2017 package,
23 error not with npm itself.
23 error Tell the author that this fails on your system:
23 error     gh-pages
23 error You can get information on how to open an issue for this project with:
23 error     npm bugs codingdesigner-2017
23 error Or if that isn't available, you can get their info via:
23 error     npm owner ls codingdesigner-2017
23 error There is likely additional logging output above.
24 verbose exit [ 1, true ]
